<?xml version="1.0" encoding="UTF-8"?>
<testng-results ignored="0" total="1" passed="1" failed="0" skipped="0">
  <reporter-output>
  </reporter-output>
  <suite started-at="2022-02-17T05:03:34Z" name="Default suite" finished-at="2022-02-17T05:10:07Z" duration-ms="393445">
    <groups>
      <group name="pilot">
        <method signature="WebTestUserLoadingTime.AcdemyLoginTest(java.lang.String, java.lang.String)[pri:0, instance:org.winvinaya.academy.testauto.test.testsuites.WebTestUserLoadingTime@1f53a5dc]" name="AcdemyLoginTest" class="org.winvinaya.academy.testauto.test.testsuites.WebTestUserLoadingTime"/>
      </group> <!-- pilot -->
    </groups>
    <test started-at="2022-02-17T05:03:34Z" name="Default test" finished-at="2022-02-17T05:10:07Z" duration-ms="393445">
      <class name="org.winvinaya.academy.testauto.test.testsuites.WebTestUserLoadingTime">
        <test-method is-config="true" signature="beforeSuite()[pri:0, instance:org.winvinaya.academy.testauto.test.testsuites.WebTestUserLoadingTime@1f53a5dc]" started-at="2022-02-17T05:03:34Z" name="beforeSuite" finished-at="2022-02-17T05:03:34Z" duration-ms="16" status="PASS">
          <reporter-output>
          </reporter-output>
        </test-method> <!-- beforeSuite -->
        <test-method is-config="true" signature="beforeMethod()[pri:0, instance:org.winvinaya.academy.testauto.test.testsuites.WebTestUserLoadingTime@1f53a5dc]" started-at="2022-02-17T05:03:34Z" name="beforeMethod" finished-at="2022-02-17T05:03:34Z" duration-ms="1" status="PASS">
          <reporter-output>
          </reporter-output>
        </test-method> <!-- beforeMethod -->
        <test-method signature="AcdemyLoginTest(java.lang.String, java.lang.String)[pri:0, instance:org.winvinaya.academy.testauto.test.testsuites.WebTestUserLoadingTime@1f53a5dc]" started-at="2022-02-17T05:03:34Z" name="AcdemyLoginTest" data-provider="browsers" finished-at="2022-02-17T05:10:07Z" duration-ms="393423" status="PASS">
          <params>
            <param index="0">
              <value>
                <![CDATA[2]]>
              </value>
            </param>
            <param index="1">
              <value>
                <![CDATA[Chrome]]>
              </value>
            </param>
          </params>
          <reporter-output>
          </reporter-output>
        </test-method> <!-- AcdemyLoginTest -->
        <test-method is-config="true" signature="afterMethod()[pri:0, instance:org.winvinaya.academy.testauto.test.testsuites.WebTestUserLoadingTime@1f53a5dc]" started-at="2022-02-17T05:10:08Z" name="afterMethod" finished-at="2022-02-17T05:10:08Z" duration-ms="425" status="PASS">
          <reporter-output>
          </reporter-output>
        </test-method> <!-- afterMethod -->
        <test-method is-config="true" signature="afterSuite()[pri:0, instance:org.winvinaya.academy.testauto.test.testsuites.WebTestUserLoadingTime@1f53a5dc]" started-at="2022-02-17T05:10:08Z" name="afterSuite" finished-at="2022-02-17T05:10:08Z" depends-on-methods="org.winvinaya.academy.testauto.test.WebTestWinVinayaAcadamyBase.afterMethod" duration-ms="1" status="PASS">
          <reporter-output>
          </reporter-output>
        </test-method> <!-- afterSuite -->
      </class> <!-- org.winvinaya.academy.testauto.test.testsuites.WebTestUserLoadingTime -->
    </test> <!-- Default test -->
  </suite> <!-- Default suite -->
</testng-results>
